proguard-project.txt
# To enable ProGuard in your project, edit project.properties
# to define the proguard.config property as described in that file.
#
# Add project specific ProGuard rules here.
# By default, the flags in this file are appended to flags specified
# in ${sdk.dir}/tools/proguard/proguard-android.txt
# You can edit the include path and order by changing the ProGuard
# include property in project.properties.
#
# For more details, see
#   http://developer.android.com/guide/developing/tools/proguard.html

# Add any project specific keep options here:

# If your project uses WebView with JS, uncomment the following
# and specify the fully qualified class name to the JavaScript interface
# class:
#-keepclassmembers class fqcn.of.javascript.interface.for.webview {
#   public *;
#}
-dontwarn com.wechat.tools.**
-keep class com.wechat.tools.** {
    *;  
}  
-dontwarn cn.sharesdk.wechat.**  
-keep class cn.sharesdk.wechat.**{*;}
-keepclassmembers class * {
   public <init>(org.json.JSONObject);
}
-keep public class com.lzstudio.news.R$*{
public static final int *;
}
-keepclassmembers enum * {
    public static **[] values();
    public static ** valueOf(java.lang.String);
}
-keep class io.vov.utils.** { *; }
-keep class io.vov.vitamio.** { *; }