proguard/seeds.txt
com.lzstudio.news.R$anim
com.lzstudio.news.R$anim: int abc_fade_in
com.lzstudio.news.R$anim: int abc_fade_out
com.lzstudio.news.R$anim: int abc_grow_fade_in_from_bottom
com.lzstudio.news.R$anim: int abc_shrink_fade_out_from_bottom
com.lzstudio.news.R$anim: int abc_slide_in_bottom
com.lzstudio.news.R$anim: int abc_slide_in_top
com.lzstudio.news.R$anim: int abc_slide_out_bottom
com.lzstudio.news.R$anim: int abc_slide_out_top
com.lzstudio.news.R$anim: int pic_enter_anim_alpha
com.lzstudio.news.R$anim: int slide_in_from_bottom
com.lzstudio.news.R$anim: int slide_in_from_top
com.lzstudio.news.R$anim: int slide_out_to_bottom
com.lzstudio.news.R$anim: int slide_out_to_top
com.lzstudio.news.R$anim: int umeng_fb_audio_play_anim
com.lzstudio.news.R$anim: int umeng_fb_dialog_enter_anim
com.lzstudio.news.R$anim: int umeng_fb_dialog_exit_anim
com.lzstudio.news.R$anim: int update_loading_progressbar_anim
com.lzstudio.news.R$array
com.lzstudio.news.R$array: int umeng_fb_contact_key_array
com.lzstudio.news.R$array: int umeng_fb_contact_type_array
com.lzstudio.news.R$array: int umeng_fb_tabs_title
com.lzstudio.news.R$attr
com.lzstudio.news.R$attr: int actionBarDivider
com.lzstudio.news.R$attr: int actionBarItemBackground
com.lzstudio.news.R$attr: int actionBarPopupTheme
com.lzstudio.news.R$attr: int actionBarSize
com.lzstudio.news.R$attr: int actionBarSplitStyle
com.lzstudio.news.R$attr: int actionBarStyle
com.lzstudio.news.R$attr: int actionBarTabBarStyle
com.lzstudio.news.R$attr: int actionBarTabStyle
com.lzstudio.news.R$attr: int actionBarTabTextStyle
com.lzstudio.news.R$attr: int actionBarTheme
com.lzstudio.news.R$attr: int actionBarWidgetTheme
com.lzstudio.news.R$attr: int actionButtonStyle
com.lzstudio.news.R$attr: int actionDropDownStyle
com.lzstudio.news.R$attr: int actionLayout
com.lzstudio.news.R$attr: int actionMenuTextAppearance
com.lzstudio.news.R$attr: int actionMenuTextColor
com.lzstudio.news.R$attr: int actionModeBackground
com.lzstudio.news.R$attr: int actionModeCloseButtonStyle
com.lzstudio.news.R$attr: int actionModeCloseDrawable
com.lzstudio.news.R$attr: int actionModeCopyDrawable
com.lzstudio.news.R$attr: int actionModeCutDrawable
com.lzstudio.news.R$attr: int actionModeFindDrawable
com.lzstudio.news.R$attr: int actionModePasteDrawable
com.lzstudio.news.R$attr: int actionModePopupWindowStyle
com.lzstudio.news.R$attr: int actionModeSelectAllDrawable
com.lzstudio.news.R$attr: int actionModeShareDrawable
com.lzstudio.news.R$attr: int actionModeSplitBackground
com.lzstudio.news.R$attr: int actionModeStyle
com.lzstudio.news.R$bool
com.lzstudio.news.R$bool: int abc_action_bar_embed_tabs
com.lzstudio.news.R$bool: int abc_action_bar_embed_tabs_pre_jb
com.lzstudio.news.R$bool: int abc_action_bar_expanded_action_views_exclusive
com.lzstudio.news.R$bool: int abc_config_actionMenuItemAllCaps
com.lzstudio.news.R$bool: int abc_config_allowActionMenuItemTextWithIcon
com.lzstudio.news.R$bool: int abc_config_showMenuShortcutsWhenKeyboardPresent
com.lzstudio.news.R$bool: int default_circle_indicator_centered
com.lzstudio.news.R$bool: int default_circle_indicator_snap
com.lzstudio.news.R$bool: int default_line_indicator_centered
com.lzstudio.news.R$bool: int default_title_indicator_selected_bold
com.lzstudio.news.R$bool: int default_underline_indicator_fades
...
com.wechat.tools.b.b.i.b
com.wechat.tools.b.b.i.b: int b
com.wechat.tools.b.b.i.b: org.apache.http.Header[] a
com.wechat.tools.b.b.i.b: int c
com.wechat.tools.b.b.i.b: long d
com.wechat.tools.b.b.i.b: java.lang.String e
com.wechat.tools.b.b.i.b: long f
com.wechat.tools.b.b.i.b: boolean g
com.wechat.tools.b.b.i.b: boolean h
com.wechat.tools.b.b.i.b: org.apache.http.Header[] i
com.wechat.tools.b.b.i.b: java.lang.Exception j
com.wechat.tools.b.b.i.b: b()
com.wechat.tools.b.b.i.b: int a()
com.wechat.tools.b.b.i.b: void a(int)
com.wechat.tools.b.b.i.b: org.apache.http.Header[] b()
com.wechat.tools.b.b.i.b: void a(org.apache.http.Header[])
com.wechat.tools.b.b.i.b: int c()
com.wechat.tools.b.b.i.b: void b(int)
com.wechat.tools.b.b.i.b: void a(java.lang.String)
com.wechat.tools.b.b.i.b: long d()
com.wechat.tools.b.b.i.b: void a(long)
com.wechat.tools.b.b.i.b: long e()
com.wechat.tools.b.b.i.b: void b(long)
com.wechat.tools.b.b.i.b: boolean f()
com.wechat.tools.b.b.i.b: void a(boolean)
com.wechat.tools.b.b.i.b: org.apache.http.Header[] g()
com.wechat.tools.b.b.i.b: void b(org.apache.http.Header[])
com.wechat.tools.b.b.i.b: void a(java.lang.Exception)
com.wechat.tools.b.b.i.c
com.wechat.tools.b.b.i.c: java.lang.String a
com.wechat.tools.b.b.i.c: java.lang.String b
com.wechat.tools.b.b.i.c: boolean c
com.wechat.tools.b.b.i.c: java.util.List d
com.wechat.tools.b.b.i.c: byte[] e
com.wechat.tools.b.b.i.c: java.util.List f
com.wechat.tools.b.b.i.c: java.lang.String g
com.wechat.tools.b.b.i.c: java.net.InetAddress h
com.wechat.tools.b.b.i.c: java.lang.String i
com.wechat.tools.b.b.i.c: c()
com.wechat.tools.b.b.i.c: boolean a()
com.wechat.tools.b.b.i.c: void a(boolean)
com.wechat.tools.b.b.i.c: java.util.List b()
com.wechat.tools.b.b.i.c: void a(java.util.List)
com.wechat.tools.b.b.i.c: java.util.List c()
com.wechat.tools.b.b.i.c: void b(java.util.List)
com.wechat.tools.b.b.i.c: java.lang.String d()
com.wechat.tools.b.b.i.c: java.lang.String e()
com.wechat.tools.b.b.i.c: void a(java.lang.String)
com.wechat.tools.b.b.i.c: java.lang.String f()
com.wechat.tools.b.b.i.c: java.lang.String a(java.util.Map)
com.wechat.tools.b.b.i.c: java.lang.String g()
com.wechat.tools.b.b.i.c: java.lang.String h()
com.wechat.tools.b.b.i.c: java.lang.String i()
com.wechat.tools.b.b.i.c: boolean j()
com.wechat.tools.b.b.i.c: void a(byte[])
com.wechat.tools.b.b.i.c: byte[] k()
com.wechat.tools.b.b.i.c: java.lang.String l()
com.wechat.tools.b.b.i.c: void b(java.lang.String)
com.wechat.tools.b.b.i.d
com.wechat.tools.b.b.i.d: com.wechat.tools.b.b.i.c a
com.wechat.tools.b.b.i.d: d(com.wechat.tools.b.b.i.c)
com.wechat.tools.b.b.i.d: java.lang.String getValue()
com.wechat.tools.b.b.i.d: java.lang.String getName()
com.wechat.tools.b.b.i.d: org.apache.http.HeaderElement[] getElements()
com.wechat.tools.b.b.i.e
com.wechat.tools.b.b.i.e: void a(java.lang.String)
com.wechat.tools.b.b.i.f
com.wechat.tools.b.b.i.f: java.lang.String a
com.wechat.tools.b.b.i.f: int b
com.wechat.tools.b.b.i.f: java.lang.String c
com.wechat.tools.b.b.i.f: int d
com.wechat.tools.b.b.i.f: java.lang.String e
com.wechat.tools.b.b.i.f: int f
com.wechat.tools.b.b.i.f: java.lang.String g
com.wechat.tools.b.b.i.f: int h
com.wechat.tools.b.b.i.f: long i
com.wechat.tools.b.b.i.f: void a()
com.wechat.tools.b.b.i.f: void a(android.content.Context,org.json.JSONObject)
com.wechat.tools.b.b.i.f: boolean a(java.lang.String)
com.wechat.tools.b.b.i.f: void <clinit>()
com.wechat.tools.b.b.i.g
com.wechat.tools.b.b.i.g: void a(android.content.Context,org.json.JSONObject,java.lang.String,int)
com.wechat.tools.b.b.i.h
com.wechat.tools.b.b.i.h: void a(android.content.Context,org.json.JSONObject,java.lang.String,int)