proguard/mapping.txt
com.lzstudio.news.R -> com.lzstudio.news.R:
com.lzstudio.news.R$anim -> com.lzstudio.news.R$anim:
    int abc_fade_in -> abc_fade_in
    int abc_fade_out -> abc_fade_out
    int abc_grow_fade_in_from_bottom -> abc_grow_fade_in_from_bottom
    int abc_shrink_fade_out_from_bottom -> abc_shrink_fade_out_from_bottom
    int abc_slide_in_bottom -> abc_slide_in_bottom
    int abc_slide_in_top -> abc_slide_in_top
    int abc_slide_out_bottom -> abc_slide_out_bottom
    int abc_slide_out_top -> abc_slide_out_top
    int pic_enter_anim_alpha -> pic_enter_anim_alpha
    int slide_in_from_bottom -> slide_in_from_bottom
    int slide_in_from_top -> slide_in_from_top
    int slide_out_to_bottom -> slide_out_to_bottom
    int slide_out_to_top -> slide_out_to_top
    int umeng_fb_audio_play_anim -> umeng_fb_audio_play_anim
    int umeng_fb_dialog_enter_anim -> umeng_fb_dialog_enter_anim
    int umeng_fb_dialog_exit_anim -> umeng_fb_dialog_exit_anim
    int update_loading_progressbar_anim -> update_loading_progressbar_anim
com.lzstudio.news.R$array -> com.lzstudio.news.R$array:
    int umeng_fb_contact_key_array -> umeng_fb_contact_key_array
    int umeng_fb_contact_type_array -> umeng_fb_contact_type_array
    int umeng_fb_tabs_title -> umeng_fb_tabs_title
com.lzstudio.news.R$attr -> com.lzstudio.news.R$attr:
    int actionBarDivider -> actionBarDivider
    int actionBarItemBackground -> actionBarItemBackground
    int actionBarPopupTheme -> actionBarPopupTheme
    int actionBarSize -> actionBarSize
    int actionBarSplitStyle -> actionBarSplitStyle
    int actionBarStyle -> actionBarStyle
    int actionBarTabBarStyle -> actionBarTabBarStyle
    int actionBarTabStyle -> actionBarTabStyle
    int actionBarTabTextStyle -> actionBarTabTextStyle
    int actionBarTheme -> actionBarTheme
    int actionBarWidgetTheme -> actionBarWidgetTheme
    int actionButtonStyle -> actionButtonStyle
    int actionDropDownStyle -> actionDropDownStyle
    int actionLayout -> actionLayout
    int actionMenuTextAppearance -> actionMenuTextAppearance
    int actionMenuTextColor -> actionMenuTextColor
    int actionModeBackground -> actionModeBackground
    int actionModeCloseButtonStyle -> actionModeCloseButtonStyle
    int actionModeCloseDrawable -> actionModeCloseDrawable
    int actionModeCopyDrawable -> actionModeCopyDrawable
    int actionModeCutDrawable -> actionModeCutDrawable
    int actionModeFindDrawable -> actionModeFindDrawable
    int actionModePasteDrawable -> actionModePasteDrawable
    int actionModePopupWindowStyle -> actionModePopupWindowStyle
    int actionModeSelectAllDrawable -> actionModeSelectAllDrawable
    int actionModeShareDrawable -> actionModeShareDrawable
    int actionModeSplitBackground -> actionModeSplitBackground
com.lzstudio.news.R$bool -> com.lzstudio.news.R$bool:
    int abc_action_bar_embed_tabs -> abc_action_bar_embed_tabs
    int abc_action_bar_embed_tabs_pre_jb -> abc_action_bar_embed_tabs_pre_jb
    int abc_action_bar_expanded_action_views_exclusive -> abc_action_bar_expanded_action_views_exclusive
    int abc_config_actionMenuItemAllCaps -> abc_config_actionMenuItemAllCaps
    int abc_config_allowActionMenuItemTextWithIcon -> abc_config_allowActionMenuItemTextWithIcon
    int abc_config_showMenuShortcutsWhenKeyboardPresent -> abc_config_showMenuShortcutsWhenKeyboardPresent
    int default_circle_indicator_centered -> default_circle_indicator_centered
    int default_circle_indicator_snap -> default_circle_indicator_snap
    int default_line_indicator_centered -> default_line_indicator_centered
    int default_title_indicator_selected_bold -> default_title_indicator_selected_bold
    int default_underline_indicator_fades -> default_underline_indicator_fades
...
android.support.v7.internal.widget.AbsSpinnerCompat$SavedState -> android.support.v7.internal.widget.AbsSpinnerCompat$SavedState:
    long selectedId -> a
    int position -> b
    android.os.Parcelable$Creator CREATOR -> CREATOR
    void writeToParcel(android.os.Parcel,int) -> writeToParcel
    java.lang.String toString() -> toString
android.support.v7.internal.widget.AbsSpinnerCompat$SavedState$1 -> android.support.v7.internal.widget.d:
    android.support.v7.internal.widget.AbsSpinnerCompat$SavedState createFromParcel(android.os.Parcel) -> a
    android.support.v7.internal.widget.AbsSpinnerCompat$SavedState[] newArray(int) -> a
    java.lang.Object[] newArray(int) -> newArray
    java.lang.Object createFromParcel(android.os.Parcel) -> createFromParcel
android.support.v7.internal.widget.ActionBarBackgroundDrawable -> android.support.v7.internal.widget.e:
    android.support.v7.internal.widget.ActionBarContainer mContainer -> a
    void draw(android.graphics.Canvas) -> draw
    void setAlpha(int) -> setAlpha
    void setColorFilter(android.graphics.ColorFilter) -> setColorFilter
    int getOpacity() -> getOpacity
android.support.v7.internal.widget.ActionBarBackgroundDrawableV21 -> android.support.v7.internal.widget.f:
    void getOutline(android.graphics.Outline) -> getOutline
android.support.v7.internal.widget.ActionBarContainer -> android.support.v7.internal.widget.ActionBarContainer:
    boolean mIsTransitioning -> f
    android.view.View mTabContainer -> g
    android.view.View mActionBarView -> h
    android.view.View mContextView -> i
    android.graphics.drawable.Drawable mBackground -> a
    android.graphics.drawable.Drawable mStackedBackground -> b
    android.graphics.drawable.Drawable mSplitBackground -> c
    boolean mIsSplit -> d
    boolean mIsStacked -> e
    int mHeight -> j
    void onFinishInflate() -> onFinishInflate
    void setPrimaryBackground(android.graphics.drawable.Drawable) -> setPrimaryBackground
    void setStackedBackground(android.graphics.drawable.Drawable) -> setStackedBackground
    void setSplitBackground(android.graphics.drawable.Drawable) -> setSplitBackground
    void setVisibility(int) -> setVisibility
    boolean verifyDrawable(android.graphics.drawable.Drawable) -> verifyDrawable
    void drawableStateChanged() -> drawableStateChanged
    void jumpDrawablesToCurrentState() -> jumpDrawablesToCurrentState
    void setTransitioning(boolean) -> setTransitioning
    boolean onInterceptTouchEvent(android.view.MotionEvent) -> onInterceptTouchEvent
    boolean onTouchEvent(android.view.MotionEvent) -> onTouchEvent
    void setTabContainer(android.support.v7.internal.widget.ScrollingTabContainerView) -> setTabContainer
    android.view.View getTabContainer() -> getTabContainer