proguard/usage.txt
com.lzstudio.news.BuildConfig
com.lzstudio.news.R:
    10:10:public R()
com.lzstudio.news.activity.ADActivity:
    private static final int ENTER
com.lzstudio.news.activity.BaseActivity:
    85:85:public java.lang.String getUrl(java.lang.String)
    165:170:public void showLoadFailView()
    173:175:public void dismissLoadFailView()
com.lzstudio.news.activity.ChooseCityActivity:
    private static final java.lang.String TAG
com.lzstudio.news.activity.NewsDetailActivity:
    private android.widget.RelativeLayout root_view
    private static final int LOAD_COMPLITE
    private static final int LOAD_FAILED
    private static final int LOADING
    private static final int LOAD_STARTED
com.lzstudio.news.activity.VideoDetailActivity:
    private static final int DISMISS
com.lzstudio.news.activity.WeatherActivity:
    public static final int REQUEST_CODE
    private static final int GET_MESSAGE_SUCCESS
com.lzstudio.news.adapter.TabPageIndicatorAdapter:
    30:35:public void appendList(java.util.ArrayList)
    53:64:public void setFragments(java.util.ArrayList)
com.lzstudio.news.bean.BaseModle:
    private static final long serialVersionUID
com.lzstudio.news.bean.CityItem:
    37:38:public void setNickName(java.lang.String)
com.lzstudio.news.bean.ImagesModle:
    private static final long serialVersionUID
    private java.lang.String docid
    private java.lang.String title
    21:21:public java.lang.String getDocid()
    25:26:public void setDocid(java.lang.String)
    29:29:public java.lang.String getTitle()
    33:34:public void setTitle(java.lang.String)
com.lzstudio.news.bean.NewsDetailModle:
    private static final long serialVersionUID
    21:21:public java.lang.String getDocid()
com.lzstudio.news.bean.NewsModle:
    private static final long serialVersionUID
    33:33:public java.lang.String getUrl_3w()
    49:49:public java.lang.String getTag()
    89:89:public java.lang.String getSource()
    97:97:public java.lang.String getPtime()
    105:105:public java.lang.String getVotecount()
com.lzstudio.news.bean.VideoModle:
    private static final long serialVersionUID
    45:45:public int getLength()
    85:85:public java.lang.String getPtime()
    101:101:public java.lang.String getVideosource()
    109:109:public java.lang.String getVid()
com.lzstudio.news.bean.WeatherModle:
    private static final long serialVersionUID
com.lzstudio.news.dao.CityData:
    21:21:public CityData()
com.lzstudio.news.fragment.BaseFragment:
    private static final int IS_REFRESH
    private static final int IS_UP_REFRESH
    private static final int NO_NETWORK
com.lzstudio.news.fragment.TestFragment
com.lzstudio.news.http.HttpClientUtils:
    11:11:public HttpClientUtils()
com.lzstudio.news.http.Url
com.lzstudio.news.http.VolleyUtils:
    19:19:public VolleyUtils()
com.lzstudio.news.http.json.JsonPacket:
    35:35:protected android.content.Context getContext()
    62:66:public static int getInt(java.lang.String,org.json.JSONObject)
    76:80:public static double getDouble(java.lang.String,org.json.JSONObject)
...
com.google.gson.internal.bind.TypeAdapters$25
com.google.gson.internal.bind.TypeAdapters$26
com.google.gson.internal.bind.TypeAdapters$27
com.google.gson.internal.bind.TypeAdapters$28
com.google.gson.internal.bind.TypeAdapters$29
com.google.gson.internal.bind.TypeAdapters$3
com.google.gson.internal.bind.TypeAdapters$30
com.google.gson.internal.bind.TypeAdapters$31
com.google.gson.internal.bind.TypeAdapters$32
com.google.gson.internal.bind.TypeAdapters$4
com.google.gson.internal.bind.TypeAdapters$5
com.google.gson.internal.bind.TypeAdapters$6
com.google.gson.internal.bind.TypeAdapters$7
com.google.gson.internal.bind.TypeAdapters$8
com.google.gson.internal.bind.TypeAdapters$9
com.google.gson.internal.bind.TypeAdapters$EnumTypeAdapter
com.google.gson.reflect.TypeToken
com.google.gson.stream.JsonReader
com.google.gson.stream.JsonReader$1
com.google.gson.stream.JsonReader$2
com.google.gson.stream.JsonScope
com.google.gson.stream.JsonToken
com.google.gson.stream.JsonWriter
com.google.gson.stream.JsonWriter$1
com.google.gson.stream.MalformedJsonException
com.google.gson.stream.StringPool
com.handmark.pulltorefresh.library.ILoadingLayout:
    public abstract void setTextTypeface(android.graphics.Typeface)
com.handmark.pulltorefresh.library.IPullToRefresh
com.handmark.pulltorefresh.library.LoadingLayoutProxy:
    69:72:public void setTextTypeface(android.graphics.Typeface)
com.handmark.pulltorefresh.library.OverscrollHelper:
    static final java.lang.String LOG_TAG
    static final float DEFAULT_OVERSCROLL_SCALE
    26:26:public OverscrollHelper()
com.handmark.pulltorefresh.library.PullToRefreshBase:
    static final boolean DEBUG
    static final boolean USE_HW_LAYERS
    static final java.lang.String LOG_TAG
    static final float FRICTION
    public static final int SMOOTH_SCROLL_DURATION_MS
    public static final int SMOOTH_SCROLL_LONG_DURATION_MS
    static final int DEMO_SCROLL_INTERVAL
    static final java.lang.String STATE_STATE
    static final java.lang.String STATE_MODE
    static final java.lang.String STATE_CURRENT_MODE
    static final java.lang.String STATE_SCROLLING_REFRESHING_ENABLED
    static final java.lang.String STATE_SHOW_REFRESHING_VIEW
    static final java.lang.String STATE_SUPER
    146:154:public final boolean demo()
    201:201:public final boolean isDisableScrollingWhileRefreshing()
    222:222:public final boolean isScrollingWhileRefreshingEnabled()
    412:414:public void setLoadingDrawable(android.graphics.drawable.Drawable,com.handmark.pulltorefresh.library.PullToRefreshBase$Mode)
    461:462:public void setPullLabel(java.lang.CharSequence,com.handmark.pulltorefresh.library.PullToRefreshBase$Mode)
    480:481:public final void setRefreshing()
    503:505:public void setRefreshingLabel(java.lang.CharSequence,com.handmark.pulltorefresh.library.PullToRefreshBase$Mode)
    627:628:protected final void disableLoadingLayoutVisibilityChanges()
    1016:1017:protected final void smoothScrollToLonger(int)
    1280:1287:private final void smoothScrollToAndBack(int)
com.handmark.pulltorefresh.library.PullToRefreshBase$3
com.handmark.pulltorefresh.library.PullToRefreshExpandableListView
com.handmark.pulltorefresh.library.PullToRefreshExpandableListView$InternalExpandableListView
com.handmark.pulltorefresh.library.PullToRefreshExpandableListView$InternalExpandableListViewSDK9
com.handmark.pulltorefresh.library.PullToRefreshHorizontalScrollView
com.handmark.pulltorefresh.library.PullToRefreshHorizontalScrollView$InternalHorizontalScrollViewSDK9
com.handmark.pulltorefresh.library.PullToRefreshListView
com.handmark.pulltorefresh.library.PullToRefreshListView$InternalListView
com.handmark.pulltorefresh.library.PullToRefreshListView$InternalListViewSDK9
com.handmark.pulltorefresh.library.PullToRefreshScrollView
com.handmark.pulltorefresh.library.PullToRefreshScrollView$InternalScrollViewSDK9
com.handmark.pulltorefresh.library.PullToRefreshWebView
com.handmark.pulltorefresh.library.PullToRefreshWebView$1